Arguments: 
  /Users/sebastianarnavat/.nvm/versions/node/v14.14.0/bin/node /Users/sebastianarnavat/.nvm/versions/node/v14.14.0/bin/yarn add —dev prettier nodemon

PATH: 
  /Users/sebastianarnavat/.nvm/versions/node/v14.14.0/bin:/usr/local/bin:/usr/bin:/bin:/usr/sbin:/sbin

Yarn version: 
  1.22.10

Node version: 
  14.14.0

Platform: 
  darwin x64

Trace: 
  TypeError [ERR_UNESCAPED_CHARACTERS]: Request path contains unescaped characters
      at new ClientRequest (_http_client.js:151:13)
      at Object.request (https.js:313:10)
      at Request.module.exports.Request.start (/Users/sebastianarnavat/.nvm/versions/node/v14.14.0/lib/node_modules/yarn/lib/cli.js:141224:32)
      at Request.module.exports.Request.end (/Users/sebastianarnavat/.nvm/versions/node/v14.14.0/lib/node_modules/yarn/lib/cli.js:141983:10)
      at end (/Users/sebastianarnavat/.nvm/versions/node/v14.14.0/lib/node_modules/yarn/lib/cli.js:141037:14)
      at Immediate._onImmediate (/Users/sebastianarnavat/.nvm/versions/node/v14.14.0/lib/node_modules/yarn/lib/cli.js:141051:7)
      at processImmediate (internal/timers.js:461:21)

npm manifest: 
  {
    "name": "repl-game",
    "version": "1.0.0",
    "main": "index.js",
    "license": "MIT",
    "dependencies": {
      "readline-sync": "^1.4.10"
    }
  }

yarn manifest: 
  No manifest

Lockfile: 
  # THIS IS AN AUTOGENERATED FILE. DO NOT EDIT THIS FILE DIRECTLY.
  # yarn lockfile v1
  
  
  readline-sync@^1.4.10:
    version "1.4.10"
    resolved "https://registry.yarnpkg.com/readline-sync/-/readline-sync-1.4.10.tgz#41df7fbb4b6312d673011594145705bf56d8873b"
    integrity sha512-gNva8/6UAe8QYepIQH/jQ2qn91Qj0B9sYjMBBs3QOB8F2CXcKgLxQaJRP76sWVRQt+QU+8fAkCbCvjjMFu7Ycw==
